time="2019-09-27T09:48:08+08:00" level=info msg="true false" file-line="chanCompare.go:9"
time="2019-09-27T09:49:42+08:00" level=info msg=0xc000098d20 file-line="chanCompare.go:9"
time="2019-09-27T09:49:56+08:00" level=info msg=0xc000098d20 file-line="chanCompare.go:10"
time="2019-09-27T09:49:59+08:00" level=info msg=0xc00008c5a0 file-line="chanCompare.go:11"
time="2019-09-27T09:50:02+08:00" level=info msg=0xc00008c598 file-line="chanCompare.go:12"
time="2019-09-27T09:50:18+08:00" level=info msg="true false" file-line="chanCompare.go:13"
time="2019-09-27T09:58:27+08:00" level=info msg=0xc0000483c0 file-line="chanCompare.go:9"
time="2019-09-27T09:58:27+08:00" level=info msg=0xc0000483c0 file-line="chanCompare.go:10"
time="2019-09-27T09:58:27+08:00" level=info msg=0xc000006060 file-line="chanCompare.go:11"
time="2019-09-27T09:58:27+08:00" level=info msg=0xc000006058 file-line="chanCompare.go:12"
time="2019-09-27T09:58:27+08:00" level=info msg=1 file-line="chanCompare.go:13"
time="2019-09-27T09:58:27+08:00" level=info msg="true false" file-line="chanCompare.go:14"
time="2019-09-27T10:00:22+08:00" level=info msg=0xc000098e40 file-line="chanCompare.go:9"
time="2019-09-27T10:00:22+08:00" level=info msg=0xc000098e40 file-line="chanCompare.go:10"
time="2019-09-27T10:00:22+08:00" level=info msg=0xc00008c590 file-line="chanCompare.go:11"
time="2019-09-27T10:00:22+08:00" level=info msg=0xc00008c588 file-line="chanCompare.go:12"
time="2019-09-27T10:00:22+08:00" level=info msg=1 file-line="chanCompare.go:13"
time="2019-09-27T10:00:22+08:00" level=info msg=da file-line="chanCompare.go:15"
time="2019-09-27T10:03:47+08:00" level=info msg=0xc0001b01e0 file-line="chanCompare.go:9"
time="2019-09-27T10:03:47+08:00" level=info msg=0xc0001b01e0 file-line="chanCompare.go:10"
time="2019-09-27T10:03:47+08:00" level=info msg=0xc00018e040 file-line="chanCompare.go:11"
time="2019-09-27T10:03:47+08:00" level=info msg=0xc00018e038 file-line="chanCompare.go:12"
time="2019-09-27T10:03:47+08:00" level=info msg=1 file-line="chanCompare.go:13"
time="2019-09-27T10:03:47+08:00" level=info msg=da file-line="chanCompare.go:15"
time="2019-09-27T10:03:58+08:00" level=info msg=0xc000098d20 file-line="chanCompare.go:9"
time="2019-09-27T10:03:58+08:00" level=info msg=0xc000098d20 file-line="chanCompare.go:10"
time="2019-09-27T10:03:58+08:00" level=info msg=0xc00008c580 file-line="chanCompare.go:11"
time="2019-09-27T10:03:58+08:00" level=info msg=0xc00008c578 file-line="chanCompare.go:12"
time="2019-09-27T10:03:58+08:00" level=info msg=1 file-line="chanCompare.go:13"
time="2019-09-27T10:03:58+08:00" level=info msg=da file-line="chanCompare.go:15"
time="2019-09-27T10:03:58+08:00" level=info msg=0 file-line="chanCompare.go:19"
time="2019-09-27T10:03:58+08:00" level=info msg=0 file-line="chanCompare.go:20"
time="2019-09-27T10:03:58+08:00" level=info msg="true false" file-line="chanCompare.go:21"
time="2019-09-27T10:21:44+08:00" level=info msg=0xc000178300 file-line="chanCompare.go:9"
time="2019-09-27T10:21:44+08:00" level=info msg=0xc000178300 file-line="chanCompare.go:10"
time="2019-09-27T10:21:44+08:00" level=info msg=0xc000180050 file-line="chanCompare.go:11"
time="2019-09-27T10:21:44+08:00" level=info msg=0xc000180048 file-line="chanCompare.go:12"
time="2019-09-27T10:21:44+08:00" level=info msg=1 file-line="chanCompare.go:13"
time="2019-09-27T10:21:44+08:00" level=info msg=da file-line="chanCompare.go:15"
time="2019-09-27T10:21:44+08:00" level=info msg=0 file-line="chanCompare.go:19"
time="2019-09-27T10:21:44+08:00" level=info msg=0 file-line="chanCompare.go:20"
time="2019-09-27T10:22:15+08:00" level=info msg=0xc000098d20 file-line="chanCompare.go:9"
time="2019-09-27T10:22:15+08:00" level=info msg=0xc000098d20 file-line="chanCompare.go:10"
time="2019-09-27T10:22:15+08:00" level=info msg=0xc00008c590 file-line="chanCompare.go:11"
time="2019-09-27T10:22:15+08:00" level=info msg=0xc00008c588 file-line="chanCompare.go:12"
time="2019-09-27T10:22:15+08:00" level=info msg=1 file-line="chanCompare.go:13"
time="2019-09-27T10:22:15+08:00" level=info msg=da file-line="chanCompare.go:15"
time="2019-09-27T10:22:15+08:00" level=info msg=0 file-line="chanCompare.go:19"
time="2019-09-27T10:22:15+08:00" level=info msg=0 file-line="chanCompare.go:20"
time="2019-09-27T11:34:41+08:00" level=info msg=0 file-line="fibonacciChan.go:22"
time="2019-10-09T16:14:57+08:00" level=info msg=ddd file-line="eg.go:34"
